

*******************************************************************************
Thu May  7 16:26:37 2020


FIT:    data read from "1.txt" using 1:2
        format = x:z
        x range restricted to [-5.00000 : 3.00000]
        #datapoints = 4
        residuals are weighted equally (unit weight)

function used for fitting: h(x)
	h(x)= a+b*sqrt(x)
fitted parameters initialized with current variable values

iter      chisq       delta/lim  lambda   a             b            
   0 1.8092797882e+03   0.00e+00  1.12e+00    1.000000e+00   1.000000e+00
   4 7.7330836836e-02  -7.62e-04  1.12e-04    2.161408e+01   1.626446e+00

After 4 iterations the fit converged.
final sum of squares of residuals : 0.0773308
rel. change during last iteration : -7.62077e-09

degrees of freedom    (FIT_NDF)                        : 2
rms of residuals      (FIT_STDFIT) = sqrt(WSSR/ndf)    : 0.196635
variance of residuals (reduced chisquare) = WSSR/ndf   : 0.0386654

Final set of parameters            Asymptotic Standard Error
=======================            ==========================
a               = 21.6141          +/- 0.1846       (0.854%)
b               = 1.62645          +/- 0.1507       (9.267%)

correlation matrix of the fit parameters:
                a      b      
a               1.000 
b              -0.846  1.000 


*******************************************************************************
Fri Jul 24 10:37:46 2020


FIT:    data read from "1.txt" using 1:2
        format = x:z
        x range restricted to [-5.00000 : 3.00000]
        #datapoints = 4
        residuals are weighted equally (unit weight)

function used for fitting: h(x)
	h(x)= a+b*sqrt(x)
fitted parameters initialized with current variable values

iter      chisq       delta/lim  lambda   a             b            
   0 2.1761399996e+21   0.00e+00  1.12e+00    1.000000e+00   1.000000e+00
   4 7.7330836836e+16  -7.78e-04  1.12e-04    2.161408e+10   1.626446e+09

After 4 iterations the fit converged.
final sum of squares of residuals : 7.73308e+16
rel. change during last iteration : -7.78262e-09

degrees of freedom    (FIT_NDF)                        : 2
rms of residuals      (FIT_STDFIT) = sqrt(WSSR/ndf)    : 1.96635e+08
variance of residuals (reduced chisquare) = WSSR/ndf   : 3.86654e+16

Final set of parameters            Asymptotic Standard Error
=======================            ==========================
a               = 2.16141e+10      +/- 1.846e+08    (0.854%)
b               = 1.62645e+09      +/- 1.507e+08    (9.267%)

correlation matrix of the fit parameters:
                a      b      
a               1.000 
b              -0.846  1.000 


*******************************************************************************
Fri Jul 24 15:52:49 2020


FIT:    data read from "1.txt" using 1:2
        format = x:z
        x range restricted to [-5.00000 : 3.00000]
        #datapoints = 4
        residuals are weighted equally (unit weight)

function used for fitting: h(x)
	h(x)= a+b*sqrt(x)
fitted parameters initialized with current variable values

iter      chisq       delta/lim  lambda   a             b            
   0 7.7330836836e+16   0.00e+00  1.53e+10    2.161408e+10   1.626446e+09
   1 7.7330836836e+16  -9.93e-10  1.53e+09    2.161408e+10   1.626446e+09

After 1 iterations the fit converged.
final sum of squares of residuals : 7.73308e+16
rel. change during last iteration : -9.93136e-15

degrees of freedom    (FIT_NDF)                        : 2
rms of residuals      (FIT_STDFIT) = sqrt(WSSR/ndf)    : 1.96635e+08
variance of residuals (reduced chisquare) = WSSR/ndf   : 3.86654e+16

Final set of parameters            Asymptotic Standard Error
=======================            ==========================
a               = 2.16141e+10      +/- 1.846e+08    (0.854%)
b               = 1.62645e+09      +/- 1.507e+08    (9.267%)

correlation matrix of the fit parameters:
                a      b      
a               1.000 
b              -0.846  1.000 


*******************************************************************************
Fri Jul 24 15:53:18 2020


FIT:    data read from "1.txt" using 1:2
        format = x:z
        x range restricted to [-5.00000 : 3.00000]
        #datapoints = 4
        residuals are weighted equally (unit weight)

function used for fitting: h(x)
	h(x)= a+b*sqrt(x)
fitted parameters initialized with current variable values

iter      chisq       delta/lim  lambda   a             b            
   0 7.7330836836e+16   0.00e+00  1.53e+10    2.161408e+10   1.626446e+09
   1 7.7330836836e+16  -1.45e-10  1.53e+09    2.161408e+10   1.626446e+09

After 1 iterations the fit converged.
final sum of squares of residuals : 7.73308e+16
rel. change during last iteration : -1.44832e-15

degrees of freedom    (FIT_NDF)                        : 2
rms of residuals      (FIT_STDFIT) = sqrt(WSSR/ndf)    : 1.96635e+08
variance of residuals (reduced chisquare) = WSSR/ndf   : 3.86654e+16

Final set of parameters            Asymptotic Standard Error
=======================            ==========================
a               = 2.16141e+10      +/- 1.846e+08    (0.854%)
b               = 1.62645e+09      +/- 1.507e+08    (9.267%)

correlation matrix of the fit parameters:
                a      b      
a               1.000 
b              -0.846  1.000 


*******************************************************************************
Fri Jul 24 15:54:44 2020


FIT:    data read from "1.txt" using 1:2
        format = x:z
        x range restricted to [-5.00000 : 3.00000]
        #datapoints = 4
        residuals are weighted equally (unit weight)

function used for fitting: h(x)
	h(x)= a+b*sqrt(x)
fitted parameters initialized with current variable values

iter      chisq       delta/lim  lambda   a             b            
   0 7.7330836836e+16   0.00e+00  1.53e+10    2.161408e+10   1.626446e+09
   1 7.7330836836e+16   0.00e+00  1.53e+11    2.161408e+10   1.626446e+09

After 1 iterations the fit converged.
final sum of squares of residuals : 7.73308e+16
rel. change during last iteration : 0

degrees of freedom    (FIT_NDF)                        : 2
rms of residuals      (FIT_STDFIT) = sqrt(WSSR/ndf)    : 1.96635e+08
variance of residuals (reduced chisquare) = WSSR/ndf   : 3.86654e+16

Final set of parameters            Asymptotic Standard Error
=======================            ==========================
a               = 2.16141e+10      +/- 1.846e+08    (0.854%)
b               = 1.62645e+09      +/- 1.507e+08    (9.267%)

correlation matrix of the fit parameters:
                a      b      
a               1.000 
b              -0.846  1.000 


*******************************************************************************
Fri Jul 24 15:56:22 2020


FIT:    data read from "1.txt" using 1:2
        format = x:z
        x range restricted to [-5.00000 : 3.00000]
        #datapoints = 4
        residuals are weighted equally (unit weight)

function used for fitting: f(x)
	f(x) = 21.5e9+2.8e9*sqrt(x)
fitted parameters initialized with current variable values

iter      chisq       delta/lim  lambda   a             b            
   0 7.2825565596e+18   0.00e+00  0.00e+00    2.161408e+10   1.626446e+09
BREAK: Singular matrix in Givens()

*******************************************************************************
Fri Jul 24 15:57:12 2020


FIT:    data read from "1.txt" using 1:2
        format = x:z
        x range restricted to [2.15000e+10 : 2.80000e+09]
BREAK: No data to fit