

*******************************************************************************
Thu May  7 16:26:37 2020


FIT:    data read from "1.txt" using 1:2
        format = x:z
        x range restricted to [-5.00000 : 3.00000]
        #datapoints = 4
        residuals are weighted equally (unit weight)

function used for fitting: h(x)
	h(x)= a+b*sqrt(x)
fitted parameters initialized with current variable values

iter      chisq       delta/lim  lambda   a             b            
   0 1.8092797882e+03   0.00e+00  1.12e+00    1.000000e+00   1.000000e+00
   4 7.7330836836e-02  -7.62e-04  1.12e-04    2.161408e+01   1.626446e+00

After 4 iterations the fit converged.
final sum of squares of residuals : 0.0773308
rel. change during last iteration : -7.62077e-09

degrees of freedom    (FIT_NDF)                        : 2
rms of residuals      (FIT_STDFIT) = sqrt(WSSR/ndf)    : 0.196635
variance of residuals (reduced chisquare) = WSSR/ndf   : 0.0386654

Final set of parameters            Asymptotic Standard Error
=======================            ==========================
a               = 21.6141          +/- 0.1846       (0.854%)
b               = 1.62645          +/- 0.1507       (9.267%)

correlation matrix of the fit parameters:
                a      b      
a               1.000 
b              -0.846  1.000 


*******************************************************************************
Fri Jul 24 10:37:46 2020


FIT:    data read from "1.txt" using 1:2
        format = x:z
        x range restricted to [-5.00000 : 3.00000]
        #datapoints = 4
        residuals are weighted equally (unit weight)

function used for fitting: h(x)
	h(x)= a+b*sqrt(x)
fitted parameters initialized with current variable values

iter      chisq       delta/lim  lambda   a             b            
   0 2.1761399996e+21   0.00e+00  1.12e+00    1.000000e+00   1.000000e+00
   4 7.7330836836e+16  -7.78e-04  1.12e-04    2.161408e+10   1.626446e+09

After 4 iterations the fit converged.
final sum of squares of residuals : 7.73308e+16
rel. change during last iteration : -7.78262e-09

degrees of freedom    (FIT_NDF)                        : 2
rms of residuals      (FIT_STDFIT) = sqrt(WSSR/ndf)    : 1.96635e+08
variance of residuals (reduced chisquare) = WSSR/ndf   : 3.86654e+16

Final set of parameters            Asymptotic Standard Error
=======================            ==========================
a               = 2.16141e+10      +/- 1.846e+08    (0.854%)
b               = 1.62645e+09      +/- 1.507e+08    (9.267%)

correlation matrix of the fit parameters:
                a      b      
a               1.000 
b              -0.846  1.000 


*******************************************************************************
Fri Jul 24 15:52:49 2020


FIT:    data read from "1.txt" using 1:2
        format = x:z
        x range restricted to [-5.00000 : 3.00000]
        #datapoints = 4
        residuals are weighted equally (unit weight)

function used for fitting: h(x)
	h(x)= a+b*sqrt(x)
fitted parameters initialized with current variable values

iter      chisq       delta/lim  lambda   a             b            
   0 7.7330836836e+16   0.00e+00  1.53e+10    2.161408e+10   1.626446e+09
   1 7.7330836836e+16  -9.93e-10  1.53e+09    2.161408e+10   1.626446e+09

After 1 iterations the fit converged.
final sum of squares of residuals : 7.73308e+16
rel. change during last iteration : -9.93136e-15

degrees of freedom    (FIT_NDF)                        : 2
rms of residuals      (FIT_STDFIT) = sqrt(WSSR/ndf)    : 1.96635e+08
variance of residuals (reduced chisquare) = WSSR/ndf   : 3.86654e+16

Final set of parameters            Asymptotic Standard Error
=======================            ==========================
a               = 2.16141e+10      +/- 1.846e+08    (0.854%)
b               = 1.62645e+09      +/- 1.507e+08    (9.267%)

correlation matrix of the fit parameters:
                a      b      
a               1.000 
b              -0.846  1.000 


*******************************************************************************
Fri Jul 24 15:53:18 2020


FIT:    data read from "1.txt" using 1:2
        format = x:z
        x range restricted to [-5.00000 : 3.00000]
        #datapoints = 4
        residuals are weighted equally (unit weight)

function used for fitting: h(x)
	h(x)= a+b*sqrt(x)
fitted parameters initialized with current variable values

iter      chisq       delta/lim  lambda   a             b            
   0 7.7330836836e+16   0.00e+00  1.53e+10    2.161408e+10   1.626446e+09
   1 7.7330836836e+16  -1.45e-10  1.53e+09    2.161408e+10   1.626446e+09

After 1 iterations the fit converged.
final sum of squares of residuals : 7.73308e+16
rel. change during last iteration : -1.44832e-15

degrees of freedom    (FIT_NDF)                        : 2
rms of residuals      (FIT_STDFIT) = sqrt(WSSR/ndf)    : 1.96635e+08
variance of residuals (reduced chisquare) = WSSR/ndf   : 3.86654e+16

Final set of parameters            Asymptotic Standard Error
=======================            ==========================
a               = 2.16141e+10      +/- 1.846e+08    (0.854%)
b               = 1.62645e+09      +/- 1.507e+08    (9.267%)

correlation matrix of the fit parameters:
                a      b      
a               1.000 
b              -0.846  1.000 


*******************************************************************************
Fri Jul 24 15:54:44 2020


FIT:    data read from "1.txt" using 1:2
        format = x:z
        x range restricted to [-5.00000 : 3.00000]
        #datapoints = 4
        residuals are weighted equally (unit weight)

function used for fitting: h(x)
	h(x)= a+b*sqrt(x)
fitted parameters initialized with current variable values

iter      chisq       delta/lim  lambda   a             b            
   0 7.7330836836e+16   0.00e+00  1.53e+10    2.161408e+10   1.626446e+09
   1 7.7330836836e+16   0.00e+00  1.53e+11    2.161408e+10   1.626446e+09

After 1 iterations the fit converged.
final sum of squares of residuals : 7.73308e+16
rel. change during last iteration : 0

degrees of freedom    (FIT_NDF)                        : 2
rms of residuals      (FIT_STDFIT) = sqrt(WSSR/ndf)    : 1.96635e+08
variance of residuals (reduced chisquare) = WSSR/ndf   : 3.86654e+16

Final set of parameters            Asymptotic Standard Error
=======================            ==========================
a               = 2.16141e+10      +/- 1.846e+08    (0.854%)
b               = 1.62645e+09      +/- 1.507e+08    (9.267%)

correlation matrix of the fit parameters:
                a      b      
a               1.000 
b              -0.846  1.000 


*******************************************************************************
Fri Jul 24 15:56:22 2020


FIT:    data read from "1.txt" using 1:2
        format = x:z
        x range restricted to [-5.00000 : 3.00000]
        #datapoints = 4
        residuals are weighted equally (unit weight)

function used for fitting: f(x)
	f(x) = 21.5e9+2.8e9*sqrt(x)
fitted parameters initialized with current variable values

iter      chisq       delta/lim  lambda   a             b            
   0 7.2825565596e+18   0.00e+00  0.00e+00    2.161408e+10   1.626446e+09
BREAK: Singular matrix in Givens()

*******************************************************************************
Fri Jul 24 15:57:12 2020


FIT:    data read from "1.txt" using 1:2
        format = x:z
        x range restricted to [2.15000e+10 : 2.80000e+09]
BREAK: No data to fit

*******************************************************************************
Tue Sep  8 14:18:28 2020


FIT:    data read from "1.txt" using 1:2
        format = x:z
        x range restricted to [-5.00000 : 3.00000]
        #datapoints = 4
        residuals are weighted equally (unit weight)

function used for fitting: h(x)
	h(x)= a+b*sqrt(x)
fitted parameters initialized with current variable values

iter      chisq       delta/lim  lambda   a             b            
   0 2.1761399996e+21   0.00e+00  1.12e+00    1.000000e+00   1.000000e+00
   4 7.7330836836e+16  -7.78e-04  1.12e-04    2.161408e+10   1.626446e+09

After 4 iterations the fit converged.
final sum of squares of residuals : 7.73308e+16
rel. change during last iteration : -7.78262e-09

degrees of freedom    (FIT_NDF)                        : 2
rms of residuals      (FIT_STDFIT) = sqrt(WSSR/ndf)    : 1.96635e+08
variance of residuals (reduced chisquare) = WSSR/ndf   : 3.86654e+16

Final set of parameters            Asymptotic Standard Error
=======================            ==========================
a               = 2.16141e+10      +/- 1.846e+08    (0.854%)
b               = 1.62645e+09      +/- 1.507e+08    (9.267%)

correlation matrix of the fit parameters:
                a      b      
a               1.000 
b              -0.846  1.000 


*******************************************************************************
Tue Sep  8 14:19:32 2020


FIT:    data read from "1.txt" using 1:2
        format = x:z
        x range restricted to [-5.00000 : 3.00000]
        #datapoints = 4
        residuals are weighted equally (unit weight)

function used for fitting: h(x)
	h(x)= 21.5e9+a*x+b*sqrt(x)
fitted parameters initialized with current variable values

iter      chisq       delta/lim  lambda   a             b            
   0 6.5049546465e+21   0.00e+00  2.86e+10    2.161408e+10   1.626446e+09
   5 6.3418619384e+16  -8.46e-04  2.86e+05    2.594220e+08   1.315085e+09

After 5 iterations the fit converged.
final sum of squares of residuals : 6.34186e+16
rel. change during last iteration : -8.4643e-09

degrees of freedom    (FIT_NDF)                        : 2
rms of residuals      (FIT_STDFIT) = sqrt(WSSR/ndf)    : 1.78071e+08
variance of residuals (reduced chisquare) = WSSR/ndf   : 3.17093e+16

Final set of parameters            Asymptotic Standard Error
=======================            ==========================
a               = 2.59422e+08      +/- 2.728e+08    (105.1%)
b               = 1.31509e+09      +/- 4.167e+08    (31.68%)

correlation matrix of the fit parameters:
                a      b      
a               1.000 
b              -0.985  1.000 


*******************************************************************************
Tue Sep  8 14:19:36 2020


FIT:    data read from "1.txt" using 1:2
        format = x:z
        x range restricted to [-5.00000 : 3.00000]
        #datapoints = 4
        residuals are weighted equally (unit weight)

function used for fitting: h(x)
	h(x)= 21.5e9+a*x+b*sqrt(x)
fitted parameters initialized with current variable values

iter      chisq       delta/lim  lambda   a             b            
   0 6.3418619384e+16   0.00e+00  1.19e+09    2.594220e+08   1.315085e+09
   1 6.3418619384e+16  -2.52e-10  1.19e+09    2.594220e+08   1.315085e+09

After 1 iterations the fit converged.
final sum of squares of residuals : 6.34186e+16
rel. change during last iteration : -2.52292e-15

degrees of freedom    (FIT_NDF)                        : 2
rms of residuals      (FIT_STDFIT) = sqrt(WSSR/ndf)    : 1.78071e+08
variance of residuals (reduced chisquare) = WSSR/ndf   : 3.17093e+16

Final set of parameters            Asymptotic Standard Error
=======================            ==========================
a               = 2.59422e+08      +/- 2.728e+08    (105.1%)
b               = 1.31509e+09      +/- 4.167e+08    (31.68%)

correlation matrix of the fit parameters:
                a      b      
a               1.000 
b              -0.985  1.000 


*******************************************************************************
Tue Sep  8 14:19:51 2020


FIT:    data read from "1.txt" using 1:2
        format = x:z
        x range restricted to [-5.00000 : 3.00000]
        #datapoints = 4
        residuals are weighted equally (unit weight)

function used for fitting: h(x)
	h(x)= 21.5e9+a*x+b*sqrt(x)
fitted parameters initialized with current variable values

iter      chisq       delta/lim  lambda   a             b            
   0 1.7539999949e+19   0.00e+00  1.58e+00    1.000000e+00   1.000000e+00
   4 6.3418619384e+16  -1.68e-02  1.58e-04    2.594220e+08   1.315085e+09

After 4 iterations the fit converged.
final sum of squares of residuals : 6.34186e+16
rel. change during last iteration : -1.67895e-07

degrees of freedom    (FIT_NDF)                        : 2
rms of residuals      (FIT_STDFIT) = sqrt(WSSR/ndf)    : 1.78071e+08
variance of residuals (reduced chisquare) = WSSR/ndf   : 3.17093e+16

Final set of parameters            Asymptotic Standard Error
=======================            ==========================
a               = 2.59422e+08      +/- 2.728e+08    (105.1%)
b               = 1.31509e+09      +/- 4.167e+08    (31.68%)

correlation matrix of the fit parameters:
                a      b      
a               1.000 
b              -0.985  1.000 


*******************************************************************************
Tue Sep  8 14:20:18 2020


FIT:    data read from "1.txt" using 1:2
        format = x:z
        x range restricted to [-5.00000 : 3.00000]
        #datapoints = 4
        residuals are weighted equally (unit weight)

function used for fitting: h(x)
	h(x)= a+c*x+b*sqrt(x)
fitted parameters initialized with current variable values

iter      chisq       delta/lim  lambda   a             b             c            
   0 1.8798819258e+21   0.00e+00  9.42e+08    2.594220e+08   1.315085e+09   1.000000e+00
   5 7.7330836557e+16  -5.52e-06  9.42e+03    2.161408e+10   1.626446e+09   1.015676e+00

After 5 iterations the fit converged.
final sum of squares of residuals : 7.73308e+16
rel. change during last iteration : -5.52167e-11

degrees of freedom    (FIT_NDF)                        : 1
rms of residuals      (FIT_STDFIT) = sqrt(WSSR/ndf)    : 2.78084e+08
variance of residuals (reduced chisquare) = WSSR/ndf   : 7.73308e+16

Final set of parameters            Asymptotic Standard Error
=======================            ==========================
a               = 2.16141e+10      +/- 2.776e+08    (1.284%)
b               = 1.62645e+09      +/- 7.776e+08    (47.81%)
c               = 1.01568          +/- 4.538e+08    (4.468e+10%)

correlation matrix of the fit parameters:
                a      b      c      
a               1.000 
b              -0.545  1.000 
c               0.340 -0.962  1.000 


*******************************************************************************
Tue Sep  8 14:20:22 2020


FIT:    data read from "1.txt" using 1:2
        format = x:z
        x range restricted to [-5.00000 : 3.00000]
        #datapoints = 4
        residuals are weighted equally (unit weight)

function used for fitting: h(x)
	h(x)= a+c*x+b*sqrt(x)
fitted parameters initialized with current variable values

iter      chisq       delta/lim  lambda   a             b             c            
   0 7.7330836557e+16   0.00e+00  1.25e+10    2.161408e+10   1.626446e+09   1.015676e+00
   1 7.7330836557e+16  -6.62e-10  1.25e+09    2.161408e+10   1.626446e+09   1.015676e+00

After 1 iterations the fit converged.
final sum of squares of residuals : 7.73308e+16
rel. change during last iteration : -6.6209e-15

degrees of freedom    (FIT_NDF)                        : 1
rms of residuals      (FIT_STDFIT) = sqrt(WSSR/ndf)    : 2.78084e+08
variance of residuals (reduced chisquare) = WSSR/ndf   : 7.73308e+16

Final set of parameters            Asymptotic Standard Error
=======================            ==========================
a               = 2.16141e+10      +/- 2.776e+08    (1.284%)
b               = 1.62645e+09      +/- 7.776e+08    (47.81%)
c               = 1.01568          +/- 4.538e+08    (4.468e+10%)

correlation matrix of the fit parameters:
                a      b      c      
a               1.000 
b              -0.545  1.000 
c               0.340 -0.962  1.000 


*******************************************************************************
Tue Sep  8 14:21:22 2020


FIT:    data read from "1.txt" using 1:2
        format = x:z
        x range restricted to [-5.00000 : 3.00000]
        #datapoints = 4
        residuals are weighted equally (unit weight)

function used for fitting: h(x)
	h(x)= a+c*x+b*sqrt(x)
fitted parameters initialized with current variable values

iter      chisq       delta/lim  lambda   a             b             c            
   0 7.7330836557e+16   0.00e+00  1.25e+10    2.161408e+10   1.626446e+09   1.015676e+00
   1 7.7330836557e+16  -5.17e-10  1.25e+09    2.161408e+10   1.626446e+09   1.015676e+00

After 1 iterations the fit converged.
final sum of squares of residuals : 7.73308e+16
rel. change during last iteration : -5.17258e-15

degrees of freedom    (FIT_NDF)                        : 1
rms of residuals      (FIT_STDFIT) = sqrt(WSSR/ndf)    : 2.78084e+08
variance of residuals (reduced chisquare) = WSSR/ndf   : 7.73308e+16

Final set of parameters            Asymptotic Standard Error
=======================            ==========================
a               = 2.16141e+10      +/- 2.776e+08    (1.284%)
b               = 1.62645e+09      +/- 7.776e+08    (47.81%)
c               = 1.01568          +/- 4.538e+08    (4.468e+10%)

correlation matrix of the fit parameters:
                a      b      c      
a               1.000 
b              -0.545  1.000 
c               0.340 -0.962  1.000 


*******************************************************************************
Tue Sep  8 14:22:09 2020


FIT:    data read from "1.txt" using 1:2
        format = x:z
        x range restricted to [0.00000 : 8.00000]
        #datapoints = 9
        residuals are weighted equally (unit weight)

function used for fitting: h(x)
	h(x)= a+c*x+b*sqrt(x)
fitted parameters initialized with current variable values

iter      chisq       delta/lim  lambda   a             b             c            
   0 7.9418298240e+17   0.00e+00  1.26e+10    2.161408e+10   1.626446e+09   1.015676e+00
   4 1.7569090181e+17  -7.32e-04  1.26e+06    2.147265e+10   1.818112e+09   1.015680e+00

After 4 iterations the fit converged.
final sum of squares of residuals : 1.75691e+17
rel. change during last iteration : -7.32219e-09

degrees of freedom    (FIT_NDF)                        : 6
rms of residuals      (FIT_STDFIT) = sqrt(WSSR/ndf)    : 1.71119e+08
variance of residuals (reduced chisquare) = WSSR/ndf   : 2.92818e+16

Final set of parameters            Asymptotic Standard Error
=======================            ==========================
a               = 2.14727e+10      +/- 1.66e+08     (0.7729%)
b               = 1.81811e+09      +/- 2.307e+08    (12.69%)
c               = 1.01568          +/- 7.568e+07    (7.451e+09%)

correlation matrix of the fit parameters:
                a      b      c      
a               1.000 
b              -0.774  1.000 
c               0.584 -0.956  1.000 


*******************************************************************************
Tue Sep  8 14:22:10 2020


FIT:    data read from "1.txt" using 1:2
        format = x:z
        x range restricted to [0.00000 : 8.00000]
        #datapoints = 9
        residuals are weighted equally (unit weight)

function used for fitting: h(x)
	h(x)= a+c*x+b*sqrt(x)
fitted parameters initialized with current variable values

iter      chisq       delta/lim  lambda   a             b             c            
   0 1.7569090181e+17   0.00e+00  1.26e+10    2.147265e+10   1.818112e+09   1.015680e+00
   1 1.7569090181e+17  -7.10e-10  1.26e+09    2.147265e+10   1.818112e+09   1.015680e+00

After 1 iterations the fit converged.
final sum of squares of residuals : 1.75691e+17
rel. change during last iteration : -7.10338e-15

degrees of freedom    (FIT_NDF)                        : 6
rms of residuals      (FIT_STDFIT) = sqrt(WSSR/ndf)    : 1.71119e+08
variance of residuals (reduced chisquare) = WSSR/ndf   : 2.92818e+16

Final set of parameters            Asymptotic Standard Error
=======================            ==========================
a               = 2.14727e+10      +/- 1.66e+08     (0.7729%)
b               = 1.81811e+09      +/- 2.307e+08    (12.69%)
c               = 1.01568          +/- 7.568e+07    (7.451e+09%)

correlation matrix of the fit parameters:
                a      b      c      
a               1.000 
b              -0.774  1.000 
c               0.584 -0.956  1.000 


*******************************************************************************
Tue Sep  8 14:22:49 2020


FIT:    data read from "1.txt" using 1:2
        format = x:z
        x range restricted to [0.00000 : 8.00000]
        #datapoints = 9
        residuals are weighted equally (unit weight)

function used for fitting: h(x)
	h(x)= 2.14727e+10+c*x+b*sqrt(x)
fitted parameters initialized with current variable values

iter      chisq       delta/lim  lambda   a             b             c            
   0 1.7569092280e+17   0.00e+00  2.10e+09    2.147265e+10   1.818112e+09   1.015680e+00
BREAK: Singular matrix in Invert_RtR

*******************************************************************************
Tue Sep  8 14:22:54 2020


FIT:    data read from "1.txt" using 1:2
        format = x:z
        x range restricted to [0.00000 : 8.00000]
        #datapoints = 9
        residuals are weighted equally (unit weight)

function used for fitting: h(x)
	h(x)= 2.14727e+10+c*x+b*sqrt(x)
fitted parameters initialized with current variable values

iter      chisq       delta/lim  lambda   a             b             c            
   0 1.1917194717e+20   0.00e+00  2.98e+00    1.000000e+00   1.000000e+00   1.000000e+00
BREAK: Singular matrix in Invert_RtR

*******************************************************************************
Tue Sep  8 14:23:16 2020


FIT:    data read from "1.txt" using 1:2
        format = x:z
        x range restricted to [0.00000 : 8.00000]
        #datapoints = 9
        residuals are weighted equally (unit weight)

function used for fitting: h(x)
	h(x)= 2.14727e10+c*x+b*sqrt(x)
fitted parameters initialized with current variable values

iter      chisq       delta/lim  lambda   a             b             c            
   0 1.1736087774e+17   0.00e+00  1.88e+09    1.000000e+00   1.615784e+09   8.673805e+07
BREAK: Singular matrix in Invert_RtR

*******************************************************************************
Tue Sep  8 14:23:17 2020


FIT:    data read from "1.txt" using 1:2
        format = x:z
        x range restricted to [0.00000 : 8.00000]
        #datapoints = 9
        residuals are weighted equally (unit weight)

function used for fitting: h(x)
	h(x)= 2.14727e10+c*x+b*sqrt(x)
fitted parameters initialized with current variable values

iter      chisq       delta/lim  lambda   a             b             c            
   0 1.1736092922e+17   0.00e+00  1.88e+09    1.000000e+00   1.615710e+09   8.677004e+07
BREAK: Singular matrix in Invert_RtR

*******************************************************************************
Tue Sep  8 14:23:20 2020


FIT:    data read from "1.txt" using 1:2
        format = x:z
        x range restricted to [0.00000 : 8.00000]
        #datapoints = 9
        residuals are weighted equally (unit weight)

function used for fitting: h(x)
	h(x)= 2.14727e10+c*x+b*sqrt(x)
fitted parameters initialized with current variable values

iter      chisq       delta/lim  lambda   a             b             c            
   0 1.1917194717e+20   0.00e+00  2.98e+00    1.000000e+00   1.000000e+00   1.000000e+00
BREAK: Singular matrix in Invert_RtR

*******************************************************************************
Tue Sep  8 14:23:30 2020


FIT:    data read from "1.txt" using 1:2
        format = x:z
        x range restricted to [0.00000 : 8.00000]
        #datapoints = 9
        residuals are weighted equally (unit weight)

function used for fitting: h(x)
	h(x)= 2.14727e10+c*x+b*sqrt(x)
fitted parameters initialized with current variable values

iter      chisq       delta/lim  lambda   a             b            
   0 1.1736087774e+17   0.00e+00  2.29e+09    1.000000e+00   1.615784e+09
BREAK: Singular matrix in Invert_RtR

*******************************************************************************
Tue Sep  8 14:23:36 2020


FIT:    data read from "1.txt" using 1:2
        format = x:z
        x range restricted to [0.00000 : 8.00000]
        #datapoints = 9
        residuals are weighted equally (unit weight)

function used for fitting: h(x)
	h(x)= 2.14727e10+c*x+b*sqrt(x)
fitted parameters initialized with current variable values



*******************************************************************************
Tue Sep  8 14:23:38 2020


FIT:    data read from "1.txt" using 1:2
        format = x:z
        x range restricted to [0.00000 : 8.00000]
        #datapoints = 9
        residuals are weighted equally (unit weight)

function used for fitting: h(x)
	h(x)= 2.14727e10+c*x+b*sqrt(x)
fitted parameters initialized with current variable values



*******************************************************************************
Tue Sep  8 14:23:45 2020


FIT:    data read from "1.txt" using 1:2
        format = x:z
        x range restricted to [0.00000 : 8.00000]
        #datapoints = 9
        residuals are weighted equally (unit weight)

function used for fitting: h(x)
	h(x)= 2.14727e10+c*x+b*sqrt(x)
fitted parameters initialized with current variable values

iter      chisq       delta/lim  lambda   a             c            
   0 1.1917194717e+20   0.00e+00  3.37e+00    1.000000e+00   1.000000e+00
BREAK: Singular matrix in Invert_RtR

*******************************************************************************
Tue Sep  8 14:24:15 2020


FIT:    data read from "1.txt" using 1:2
        format = x:z
        x range restricted to [0.00000 : 8.00000]
        #datapoints = 9
        residuals are weighted equally (unit weight)

function used for fitting: h(x)
	h(x)= 21.4727e9+a*x+b*sqrt(x)
fitted parameters initialized with current variable values

iter      chisq       delta/lim  lambda   a             b            
   0 1.1917194717e+20   0.00e+00  3.65e+00    1.000000e+00   1.000000e+00
   4 1.1735934601e+17  -2.43e-02  3.65e-04    8.665140e+07   1.615784e+09

After 4 iterations the fit converged.
final sum of squares of residuals : 1.17359e+17
rel. change during last iteration : -2.42775e-07

degrees of freedom    (FIT_NDF)                        : 7
rms of residuals      (FIT_STDFIT) = sqrt(WSSR/ndf)    : 1.29482e+08
variance of residuals (reduced chisquare) = WSSR/ndf   : 1.67656e+16

Final set of parameters            Asymptotic Standard Error
=======================            ==========================
a               = 8.66514e+07      +/- 4.646e+07    (53.61%)
b               = 1.61578e+09      +/- 1.106e+08    (6.844%)

correlation matrix of the fit parameters:
                a      b      
a               1.000 
b              -0.981  1.000 


*******************************************************************************
Tue Sep  8 14:24:17 2020


FIT:    data read from "1.txt" using 1:2
        format = x:z
        x range restricted to [0.00000 : 8.00000]
        #datapoints = 9
        residuals are weighted equally (unit weight)

function used for fitting: h(x)
	h(x)= 21.4727e9+a*x+b*sqrt(x)
fitted parameters initialized with current variable values

iter      chisq       delta/lim  lambda   a             b            
   0 1.1735934601e+17   0.00e+00  2.30e+09    8.665140e+07   1.615784e+09
   1 1.1735934601e+17   0.00e+00  2.30e+12    8.665140e+07   1.615784e+09

After 1 iterations the fit converged.
final sum of squares of residuals : 1.17359e+17
rel. change during last iteration : 0

degrees of freedom    (FIT_NDF)                        : 7
rms of residuals      (FIT_STDFIT) = sqrt(WSSR/ndf)    : 1.29482e+08
variance of residuals (reduced chisquare) = WSSR/ndf   : 1.67656e+16

Final set of parameters            Asymptotic Standard Error
=======================            ==========================
a               = 8.66514e+07      +/- 4.646e+07    (53.61%)
b               = 1.61578e+09      +/- 1.106e+08    (6.844%)

correlation matrix of the fit parameters:
                a      b      
a               1.000 
b              -0.981  1.000 


*******************************************************************************
Tue Sep  8 14:24:48 2020


FIT:    data read from "1.txt" using 1:2
        format = x:z
        x range restricted to [0.00000 : 14.0000]
        #datapoints = 14
        residuals are weighted equally (unit weight)

function used for fitting: h(x)
	h(x)= 21.4727e9+a*x+b*sqrt(x)
fitted parameters initialized with current variable values

iter      chisq       delta/lim  lambda   a             b            
   0 4.9964588857e+17   0.00e+00  2.95e+09    8.665140e+07   1.615784e+09
   4 1.7777390403e+17  -6.84e-02  2.95e+05    2.282274e+07   1.757655e+09

After 4 iterations the fit converged.
final sum of squares of residuals : 1.77774e+17
rel. change during last iteration : -6.8405e-07

degrees of freedom    (FIT_NDF)                        : 12
rms of residuals      (FIT_STDFIT) = sqrt(WSSR/ndf)    : 1.21715e+08
variance of residuals (reduced chisquare) = WSSR/ndf   : 1.48145e+16

Final set of parameters            Asymptotic Standard Error
=======================            ==========================
a               = 2.28227e+07      +/- 2.148e+07    (94.13%)
b               = 1.75766e+09      +/- 6.445e+07    (3.667%)

correlation matrix of the fit parameters:
                a      b      
a               1.000 
b              -0.980  1.000 


*******************************************************************************
Tue Sep  8 14:24:50 2020


FIT:    data read from "1.txt" using 1:2
        format = x:z
        x range restricted to [0.00000 : 14.0000]
        #datapoints = 14
        residuals are weighted equally (unit weight)

function used for fitting: h(x)
	h(x)= 21.4727e9+a*x+b*sqrt(x)
fitted parameters initialized with current variable values

iter      chisq       delta/lim  lambda   a             b            
   0 1.7777390403e+17   0.00e+00  3.17e+09    2.282274e+07   1.757655e+09
   1 1.7777390403e+17  -1.26e-09  3.17e+08    2.282274e+07   1.757655e+09

After 1 iterations the fit converged.
final sum of squares of residuals : 1.77774e+17
rel. change during last iteration : -1.26003e-14

degrees of freedom    (FIT_NDF)                        : 12
rms of residuals      (FIT_STDFIT) = sqrt(WSSR/ndf)    : 1.21715e+08
variance of residuals (reduced chisquare) = WSSR/ndf   : 1.48145e+16

Final set of parameters            Asymptotic Standard Error
=======================            ==========================
a               = 2.28227e+07      +/- 2.148e+07    (94.13%)
b               = 1.75766e+09      +/- 6.445e+07    (3.667%)

correlation matrix of the fit parameters:
                a      b      
a               1.000 
b              -0.980  1.000 


*******************************************************************************
Tue Sep  8 14:26:09 2020


FIT:    data read from "1.txt" using 1:2
        format = x:z
        x range restricted to [0.00000 : 14.0000]
        #datapoints = 14
        residuals are weighted equally (unit weight)

function used for fitting: h(x)
	h(x)= 21.5e9+a*x+b*sqrt(x)
fitted parameters initialized with current variable values

iter      chisq       delta/lim  lambda   a             b            
   0 1.8229189932e+17   0.00e+00  3.17e+09    2.282274e+07   1.757655e+09
   5 1.7271998331e+17  -3.63e-07  3.17e+04    2.759629e+07   1.733762e+09

After 5 iterations the fit converged.
final sum of squares of residuals : 1.7272e+17
rel. change during last iteration : -3.63372e-12

degrees of freedom    (FIT_NDF)                        : 12
rms of residuals      (FIT_STDFIT) = sqrt(WSSR/ndf)    : 1.19972e+08
variance of residuals (reduced chisquare) = WSSR/ndf   : 1.43933e+16

Final set of parameters            Asymptotic Standard Error
=======================            ==========================
a               = 2.75963e+07      +/- 2.118e+07    (76.73%)
b               = 1.73376e+09      +/- 6.353e+07    (3.664%)

correlation matrix of the fit parameters:
                a      b      
a               1.000 
b              -0.980  1.000 


*******************************************************************************
Tue Sep  8 14:26:11 2020


FIT:    data read from "1.txt" using 1:2
        format = x:z
        x range restricted to [0.00000 : 14.0000]
        #datapoints = 14
        residuals are weighted equally (unit weight)

function used for fitting: h(x)
	h(x)= 21.5e9+a*x+b*sqrt(x)
fitted parameters initialized with current variable values

iter      chisq       delta/lim  lambda   a             b            
   0 1.7271998331e+17   0.00e+00  3.13e+09    2.759629e+07   1.733762e+09
   1 1.7271998331e+17  -8.71e-10  3.13e+08    2.759629e+07   1.733762e+09

After 1 iterations the fit converged.
final sum of squares of residuals : 1.7272e+17
rel. change during last iteration : -8.70774e-15

degrees of freedom    (FIT_NDF)                        : 12
rms of residuals      (FIT_STDFIT) = sqrt(WSSR/ndf)    : 1.19972e+08
variance of residuals (reduced chisquare) = WSSR/ndf   : 1.43933e+16

Final set of parameters            Asymptotic Standard Error
=======================            ==========================
a               = 2.75963e+07      +/- 2.118e+07    (76.73%)
b               = 1.73376e+09      +/- 6.353e+07    (3.664%)

correlation matrix of the fit parameters:
                a      b      
a               1.000 
b              -0.980  1.000 


*******************************************************************************
Tue Sep  8 14:26:22 2020


FIT:    data read from "1.txt" using 1:2
        format = x:z
        x range restricted to [0.00000 : 14.0000]
        #datapoints = 14
        residuals are weighted equally (unit weight)

function used for fitting: h(x)
	h(x)= 21.8e9+a*x+b*sqrt(x)
fitted parameters initialized with current variable values

iter      chisq       delta/lim  lambda   a             b            
   0 1.3866564949e+18   0.00e+00  3.13e+09    2.759629e+07   1.733762e+09
   5 2.3076750602e+17  -5.87e-06  3.13e+04    8.005297e+07   1.471195e+09

After 5 iterations the fit converged.
final sum of squares of residuals : 2.30768e+17
rel. change during last iteration : -5.87141e-11

degrees of freedom    (FIT_NDF)                        : 12
rms of residuals      (FIT_STDFIT) = sqrt(WSSR/ndf)    : 1.38675e+08
variance of residuals (reduced chisquare) = WSSR/ndf   : 1.92306e+16

Final set of parameters            Asymptotic Standard Error
=======================            ==========================
a               = 8.0053e+07       +/- 2.448e+07    (30.58%)
b               = 1.47119e+09      +/- 7.343e+07    (4.991%)

correlation matrix of the fit parameters:
                a      b      
a               1.000 
b              -0.980  1.000 


*******************************************************************************
Tue Sep  8 14:26:26 2020


FIT:    data read from "1.txt" using 1:2
        format = x:z
        x range restricted to [0.00000 : 14.0000]
        #datapoints = 14
        residuals are weighted equally (unit weight)

function used for fitting: h(x)
	h(x)= 21.8e9+a*x+b*sqrt(x)
fitted parameters initialized with current variable values

iter      chisq       delta/lim  lambda   a             b            
   0 2.3076750602e+17   0.00e+00  2.69e+09    8.005297e+07   1.471195e+09
   1 2.3076750602e+17  -2.77e-10  2.69e+08    8.005297e+07   1.471195e+09

After 1 iterations the fit converged.
final sum of squares of residuals : 2.30768e+17
rel. change during last iteration : -2.77335e-15

degrees of freedom    (FIT_NDF)                        : 12
rms of residuals      (FIT_STDFIT) = sqrt(WSSR/ndf)    : 1.38675e+08
variance of residuals (reduced chisquare) = WSSR/ndf   : 1.92306e+16

Final set of parameters            Asymptotic Standard Error
=======================            ==========================
a               = 8.0053e+07       +/- 2.448e+07    (30.58%)
b               = 1.47119e+09      +/- 7.343e+07    (4.991%)

correlation matrix of the fit parameters:
                a      b      
a               1.000 
b              -0.980  1.000 


*******************************************************************************
Tue Sep  8 14:26:32 2020


FIT:    data read from "1.txt" using 1:2
        format = x:z
        x range restricted to [0.00000 : 14.0000]
        #datapoints = 14
        residuals are weighted equally (unit weight)

function used for fitting: h(x)
	h(x)= 22e9+a*x+b*sqrt(x)
fitted parameters initialized with current variable values

iter      chisq       delta/lim  lambda   a             b            
   0 8.9887319521e+17   0.00e+00  2.69e+09    8.005297e+07   1.471195e+09
   4 3.8514475569e+17  -9.01e-03  2.69e+05    1.150241e+08   1.296150e+09

After 4 iterations the fit converged.
final sum of squares of residuals : 3.85145e+17
rel. change during last iteration : -9.01312e-08

degrees of freedom    (FIT_NDF)                        : 12
rms of residuals      (FIT_STDFIT) = sqrt(WSSR/ndf)    : 1.79152e+08
variance of residuals (reduced chisquare) = WSSR/ndf   : 3.20954e+16

Final set of parameters            Asymptotic Standard Error
=======================            ==========================
a               = 1.15024e+08      +/- 3.162e+07    (27.49%)
b               = 1.29615e+09      +/- 9.486e+07    (7.319%)

correlation matrix of the fit parameters:
                a      b      
a               1.000 
b              -0.980  1.000 


*******************************************************************************
Tue Sep  8 14:26:43 2020


FIT:    data read from "1.txt" using 1:2
        format = x:z
        x range restricted to [0.00000 : 14.0000]
        #datapoints = 14
        residuals are weighted equally (unit weight)

function used for fitting: h(x)
	h(x)= 23e9+a*x+b*sqrt(x)
fitted parameters initialized with current variable values

iter      chisq       delta/lim  lambda   a             b            
   0 1.5388388820e+19   0.00e+00  2.42e+09    1.150241e+08   1.296150e+09
   4 2.5451778184e+18  -1.31e-03  2.42e+05    2.898797e+08   4.209268e+08

After 4 iterations the fit converged.
final sum of squares of residuals : 2.54518e+18
rel. change during last iteration : -1.30846e-08

degrees of freedom    (FIT_NDF)                        : 12
rms of residuals      (FIT_STDFIT) = sqrt(WSSR/ndf)    : 4.60541e+08
variance of residuals (reduced chisquare) = WSSR/ndf   : 2.12098e+17

Final set of parameters            Asymptotic Standard Error
=======================            ==========================
a               = 2.8988e+08       +/- 8.129e+07    (28.04%)
b               = 4.20927e+08      +/- 2.439e+08    (57.93%)

correlation matrix of the fit parameters:
                a      b      
a               1.000 
b              -0.980  1.000 


*******************************************************************************
Tue Sep  8 14:26:59 2020


FIT:    data read from "1.txt" using 1:2
        format = x:z
        x range restricted to [0.00000 : 14.0000]
        #datapoints = 14
        residuals are weighted equally (unit weight)

function used for fitting: h(x)
	h(x)= 22.2e9+a*x+b*sqrt(x)
fitted parameters initialized with current variable values

iter      chisq       delta/lim  lambda   a             b            
   0 8.8517201542e+18   0.00e+00  1.74e+09    2.898797e+08   4.209268e+08
   4 6.3206512631e+17  -1.86e-04  1.74e+05    1.499952e+08   1.121105e+09

After 4 iterations the fit converged.
final sum of squares of residuals : 6.32065e+17
rel. change during last iteration : -1.86392e-09

degrees of freedom    (FIT_NDF)                        : 12
rms of residuals      (FIT_STDFIT) = sqrt(WSSR/ndf)    : 2.29504e+08
variance of residuals (reduced chisquare) = WSSR/ndf   : 5.26721e+16

Final set of parameters            Asymptotic Standard Error
=======================            ==========================
a               = 1.49995e+08      +/- 4.051e+07    (27.01%)
b               = 1.12111e+09      +/- 1.215e+08    (10.84%)

correlation matrix of the fit parameters:
                a      b      
a               1.000 
b              -0.980  1.000 


*******************************************************************************
Tue Sep  8 14:27:00 2020


FIT:    data read from "1.txt" using 1:2
        format = x:z
        x range restricted to [0.00000 : 14.0000]
        #datapoints = 14
        residuals are weighted equally (unit weight)

function used for fitting: h(x)
	h(x)= 22.2e9+a*x+b*sqrt(x)
fitted parameters initialized with current variable values

iter      chisq       delta/lim  lambda   a             b            
   0 6.3206512631e+17   0.00e+00  2.18e+09    1.499952e+08   1.121105e+09
   1 6.3206512631e+17  -1.42e-10  2.18e+09    1.499952e+08   1.121105e+09

After 1 iterations the fit converged.
final sum of squares of residuals : 6.32065e+17
rel. change during last iteration : -1.41758e-15

degrees of freedom    (FIT_NDF)                        : 12
rms of residuals      (FIT_STDFIT) = sqrt(WSSR/ndf)    : 2.29504e+08
variance of residuals (reduced chisquare) = WSSR/ndf   : 5.26721e+16

Final set of parameters            Asymptotic Standard Error
=======================            ==========================
a               = 1.49995e+08      +/- 4.051e+07    (27.01%)
b               = 1.12111e+09      +/- 1.215e+08    (10.84%)

correlation matrix of the fit parameters:
                a      b      
a               1.000 
b              -0.980  1.000 


*******************************************************************************
Tue Sep  8 14:27:09 2020


FIT:    data read from "1.txt" using 1:2
        format = x:z
        x range restricted to [0.00000 : 14.0000]
        #datapoints = 14
        residuals are weighted equally (unit weight)

function used for fitting: h(x)
	h(x)= 22.02e9+a*x+b*sqrt(x)
fitted parameters initialized with current variable values

iter      chisq       delta/lim  lambda   a             b            
   0 8.2179238842e+17   0.00e+00  2.18e+09    1.499952e+08   1.121105e+09
   4 4.0567235231e+17  -2.10e-05  2.18e+05    1.185212e+08   1.278645e+09

After 4 iterations the fit converged.
final sum of squares of residuals : 4.05672e+17
rel. change during last iteration : -2.09667e-10

degrees of freedom    (FIT_NDF)                        : 12
rms of residuals      (FIT_STDFIT) = sqrt(WSSR/ndf)    : 1.83864e+08
variance of residuals (reduced chisquare) = WSSR/ndf   : 3.3806e+16

Final set of parameters            Asymptotic Standard Error
=======================            ==========================
a               = 1.18521e+08      +/- 3.245e+07    (27.38%)
b               = 1.27865e+09      +/- 9.736e+07    (7.614%)

correlation matrix of the fit parameters:
                a      b      
a               1.000 
b              -0.980  1.000 


*******************************************************************************
Tue Sep  8 14:27:22 2020


FIT:    data read from "1.txt" using 1:2
        format = x:z
        x range restricted to [0.00000 : 14.0000]
        #datapoints = 14
        residuals are weighted equally (unit weight)

function used for fitting: h(x)
	h(x)= 21.9e9+a*x+b*sqrt(x)
fitted parameters initialized with current variable values

iter      chisq       delta/lim  lambda   a             b            
   0 4.8133047898e+17   0.00e+00  2.39e+09    1.185212e+08   1.278645e+09
   4 2.9638824073e+17  -1.22e-04  2.39e+05    9.753852e+07   1.383672e+09

After 4 iterations the fit converged.
final sum of squares of residuals : 2.96388e+17
rel. change during last iteration : -1.21691e-09

degrees of freedom    (FIT_NDF)                        : 12
rms of residuals      (FIT_STDFIT) = sqrt(WSSR/ndf)    : 1.57159e+08
variance of residuals (reduced chisquare) = WSSR/ndf   : 2.4699e+16

Final set of parameters            Asymptotic Standard Error
=======================            ==========================
a               = 9.75385e+07      +/- 2.774e+07    (28.44%)
b               = 1.38367e+09      +/- 8.322e+07    (6.014%)

correlation matrix of the fit parameters:
                a      b      
a               1.000 
b              -0.980  1.000 


*******************************************************************************
Tue Sep  8 14:27:24 2020


FIT:    data read from "1.txt" using 1:2
        format = x:z
        x range restricted to [0.00000 : 14.0000]
        #datapoints = 14
        residuals are weighted equally (unit weight)

function used for fitting: h(x)
	h(x)= 21.9e9+a*x+b*sqrt(x)
fitted parameters initialized with current variable values

iter      chisq       delta/lim  lambda   a             b            
   0 2.9638824073e+17   0.00e+00  2.55e+09    9.753852e+07   1.383672e+09
   1 2.9638824073e+17   0.00e+00  2.55e+11    9.753852e+07   1.383672e+09

After 1 iterations the fit converged.
final sum of squares of residuals : 2.96388e+17
rel. change during last iteration : 0

degrees of freedom    (FIT_NDF)                        : 12
rms of residuals      (FIT_STDFIT) = sqrt(WSSR/ndf)    : 1.57159e+08
variance of residuals (reduced chisquare) = WSSR/ndf   : 2.4699e+16

Final set of parameters            Asymptotic Standard Error
=======================            ==========================
a               = 9.75385e+07      +/- 2.774e+07    (28.44%)
b               = 1.38367e+09      +/- 8.322e+07    (6.014%)

correlation matrix of the fit parameters:
                a      b      
a               1.000 
b              -0.980  1.000 


*******************************************************************************
Tue Sep  8 14:28:36 2020


FIT:    data read from "1.txt" using 1:2
        format = x:z
        x range restricted to [0.00000 : 8.00000]
        #datapoints = 9
        residuals are weighted equally (unit weight)

function used for fitting: h(x)
	h(x)= 21.9e9+a*x+b*sqrt(x)
fitted parameters initialized with current variable values

iter      chisq       delta/lim  lambda   a             b            
   0 2.4678900045e+17   0.00e+00  1.98e+09    9.753852e+07   1.383672e+09
   4 1.5821645697e+17  -1.85e-01  1.98e+05    2.004934e+08   1.156453e+09

After 4 iterations the fit converged.
final sum of squares of residuals : 1.58216e+17
rel. change during last iteration : -1.8531e-06

degrees of freedom    (FIT_NDF)                        : 7
rms of residuals      (FIT_STDFIT) = sqrt(WSSR/ndf)    : 1.50341e+08
variance of residuals (reduced chisquare) = WSSR/ndf   : 2.26024e+16

Final set of parameters            Asymptotic Standard Error
=======================            ==========================
a               = 2.00493e+08      +/- 5.394e+07    (26.9%)
b               = 1.15645e+09      +/- 1.284e+08    (11.1%)

correlation matrix of the fit parameters:
                a      b      
a               1.000 
b              -0.981  1.000 


*******************************************************************************
Tue Sep  8 14:28:37 2020


FIT:    data read from "1.txt" using 1:2
        format = x:z
        x range restricted to [0.00000 : 8.00000]
        #datapoints = 9
        residuals are weighted equally (unit weight)

function used for fitting: h(x)
	h(x)= 21.9e9+a*x+b*sqrt(x)
fitted parameters initialized with current variable values

iter      chisq       delta/lim  lambda   a             b            
   0 1.5821645697e+17   0.00e+00  1.77e+09    2.004934e+08   1.156453e+09
   1 1.5821645697e+17  -1.42e-10  1.77e+08    2.004934e+08   1.156453e+09

After 1 iterations the fit converged.
final sum of squares of residuals : 1.58216e+17
rel. change during last iteration : -1.41578e-15

degrees of freedom    (FIT_NDF)                        : 7
rms of residuals      (FIT_STDFIT) = sqrt(WSSR/ndf)    : 1.50341e+08
variance of residuals (reduced chisquare) = WSSR/ndf   : 2.26024e+16

Final set of parameters            Asymptotic Standard Error
=======================            ==========================
a               = 2.00493e+08      +/- 5.394e+07    (26.9%)
b               = 1.15645e+09      +/- 1.284e+08    (11.1%)

correlation matrix of the fit parameters:
                a      b      
a               1.000 
b              -0.981  1.000 


*******************************************************************************
Tue Sep  8 14:29:00 2020


FIT:    data read from "1.txt" using 1:2
        format = x:z
        x range restricted to [0.00000 : 10.0000]
        #datapoints = 11
        residuals are weighted equally (unit weight)

function used for fitting: h(x)
	h(x)= 21.9e9+a*x+b*sqrt(x)
fitted parameters initialized with current variable values

iter      chisq       delta/lim  lambda   a             b            
   0 2.4216593996e+17   0.00e+00  2.01e+09    2.004934e+08   1.156453e+09
   4 1.9007369650e+17  -3.76e-05  2.01e+05    1.587881e+08   1.242824e+09

After 4 iterations the fit converged.
final sum of squares of residuals : 1.90074e+17
rel. change during last iteration : -3.7617e-10

degrees of freedom    (FIT_NDF)                        : 9
rms of residuals      (FIT_STDFIT) = sqrt(WSSR/ndf)    : 1.45325e+08
variance of residuals (reduced chisquare) = WSSR/ndf   : 2.11193e+16

Final set of parameters            Asymptotic Standard Error
=======================            ==========================
a               = 1.58788e+08      +/- 3.765e+07    (23.71%)
b               = 1.24282e+09      +/- 9.96e+07     (8.014%)

correlation matrix of the fit parameters:
                a      b      
a               1.000 
b              -0.980  1.000 


*******************************************************************************
Fri Sep 18 14:02:21 2020


FIT:    data read from "1.txt" using 1:2
        format = x:z
        x range restricted to [0.00000 : 10.0000]
        #datapoints = 18
        residuals are weighted equally (unit weight)

function used for fitting: h(x)
	h(x)= a+b*sqrt(x-2.02)
fitted parameters initialized with current variable values

iter      chisq       delta/lim  lambda   a             b            
   0 1.1475793085e+22   0.00e+00  1.42e+00    1.000000e+00   1.000000e+00
   4 3.0907875384e+18  -2.22e-07  1.42e-04    2.281214e+10   1.643697e+09

After 4 iterations the fit converged.
final sum of squares of residuals : 3.09079e+18
rel. change during last iteration : -2.22456e-12

degrees of freedom    (FIT_NDF)                        : 16
rms of residuals      (FIT_STDFIT) = sqrt(WSSR/ndf)    : 4.39516e+08
variance of residuals (reduced chisquare) = WSSR/ndf   : 1.93174e+17

Final set of parameters            Asymptotic Standard Error
=======================            ==========================
a               = 2.28121e+10      +/- 1.863e+08    (0.8165%)
b               = 1.6437e+09       +/- 1.067e+08    (6.494%)

correlation matrix of the fit parameters:
                a      b      
a               1.000 
b              -0.831  1.000 


*******************************************************************************
Fri Sep 18 14:02:26 2020


FIT:    data read from "1.txt" using 1:2
        format = x:z
        x range restricted to [0.00000 : 10.0000]
        #datapoints = 18
        residuals are weighted equally (unit weight)

function used for fitting: h(x)
	h(x)= a+b*sqrt(x-2.02)
fitted parameters initialized with current variable values

iter      chisq       delta/lim  lambda   a             b            
   0 3.0907875384e+18   0.00e+00  1.63e+10    2.281214e+10   1.643697e+09
   1 3.0907875384e+18  -8.28e-11  1.63e+09    2.281214e+10   1.643697e+09

After 1 iterations the fit converged.
final sum of squares of residuals : 3.09079e+18
rel. change during last iteration : -8.28268e-16

degrees of freedom    (FIT_NDF)                        : 16
rms of residuals      (FIT_STDFIT) = sqrt(WSSR/ndf)    : 4.39516e+08
variance of residuals (reduced chisquare) = WSSR/ndf   : 1.93174e+17

Final set of parameters            Asymptotic Standard Error
=======================            ==========================
a               = 2.28121e+10      +/- 1.863e+08    (0.8165%)
b               = 1.6437e+09       +/- 1.067e+08    (6.494%)

correlation matrix of the fit parameters:
                a      b      
a               1.000 
b              -0.831  1.000 


*******************************************************************************
Fri Sep 18 14:02:52 2020


FIT:    data read from "1.txt" using 1:2
        format = x:z
        x range restricted to [0.00000 : 10.0000]
        #datapoints = 18
        residuals are weighted equally (unit weight)

function used for fitting: h(x)
	h(x)= a+b*sqrt(x+2.02)
fitted parameters initialized with current variable values

iter      chisq       delta/lim  lambda   a             b            
   0 6.6909803805e+19   0.00e+00  1.64e+10    2.281214e+10   1.643697e+09
   4 9.8316735401e+17  -3.75e-02  1.64e+06    1.820380e+10   2.748412e+09

After 4 iterations the fit converged.
final sum of squares of residuals : 9.83167e+17
rel. change during last iteration : -3.74563e-07

degrees of freedom    (FIT_NDF)                        : 16
rms of residuals      (FIT_STDFIT) = sqrt(WSSR/ndf)    : 2.47887e+08
variance of residuals (reduced chisquare) = WSSR/ndf   : 6.1448e+16

Final set of parameters            Asymptotic Standard Error
=======================            ==========================
a               = 1.82038e+10      +/- 2.571e+08    (1.413%)
b               = 2.74841e+09      +/- 9.843e+07    (3.581%)

correlation matrix of the fit parameters:
                a      b      
a               1.000 
b              -0.974  1.000 


*******************************************************************************
Fri Sep 18 14:02:53 2020


FIT:    data read from "1.txt" using 1:2
        format = x:z
        x range restricted to [0.00000 : 10.0000]
        #datapoints = 18
        residuals are weighted equally (unit weight)

function used for fitting: h(x)
	h(x)= a+b*sqrt(x+2.02)
fitted parameters initialized with current variable values

iter      chisq       delta/lim  lambda   a             b            
   0 9.8316735401e+17   0.00e+00  1.38e+10    1.820380e+10   2.748412e+09
   1 9.8316735401e+17  -5.21e-10  1.38e+09    1.820380e+10   2.748412e+09

After 1 iterations the fit converged.
final sum of squares of residuals : 9.83167e+17
rel. change during last iteration : -5.20766e-15

degrees of freedom    (FIT_NDF)                        : 16
rms of residuals      (FIT_STDFIT) = sqrt(WSSR/ndf)    : 2.47887e+08
variance of residuals (reduced chisquare) = WSSR/ndf   : 6.1448e+16

Final set of parameters            Asymptotic Standard Error
=======================            ==========================
a               = 1.82038e+10      +/- 2.571e+08    (1.413%)
b               = 2.74841e+09      +/- 9.843e+07    (3.581%)

correlation matrix of the fit parameters:
                a      b      
a               1.000 
b              -0.974  1.000 


*******************************************************************************
Fri Sep 18 14:03:27 2020


FIT:    data read from "1.txt" using 1:2
        format = x:z
        x range restricted to [0.00000 : 10.0000]
        #datapoints = 18
        residuals are weighted equally (unit weight)

function used for fitting: h(x)
	h(x)= a+b*sqrt(x+2.02)
fitted parameters initialized with current variable values

iter      chisq       delta/lim  lambda   a             b            
   0 1.1475793084e+22   0.00e+00  1.98e+00    1.000000e+00   1.000000e+00
   4 9.8316735401e+17  -7.08e-03  1.98e-04    1.820380e+10   2.748412e+09

After 4 iterations the fit converged.
final sum of squares of residuals : 9.83167e+17
rel. change during last iteration : -7.07826e-08

degrees of freedom    (FIT_NDF)                        : 16
rms of residuals      (FIT_STDFIT) = sqrt(WSSR/ndf)    : 2.47887e+08
variance of residuals (reduced chisquare) = WSSR/ndf   : 6.1448e+16

Final set of parameters            Asymptotic Standard Error
=======================            ==========================
a               = 1.82038e+10      +/- 2.571e+08    (1.413%)
b               = 2.74841e+09      +/- 9.843e+07    (3.581%)

correlation matrix of the fit parameters:
                a      b      
a               1.000 
b              -0.974  1.000 


*******************************************************************************
Fri Sep 18 14:04:05 2020


FIT:    data read from "1.txt" using 1:2
        format = x:z
        x range restricted to [0.00000 : 10.0000]
        #datapoints = 18
        residuals are weighted equally (unit weight)

function used for fitting: h(x)
	h(x)= a+b*sqrt(x+2.32)
fitted parameters initialized with current variable values

iter      chisq       delta/lim  lambda   a             b            
   0 1.6268507471e+18   0.00e+00  1.39e+10    1.820380e+10   2.748412e+09
   4 1.0743445625e+18  -1.36e-06  1.39e+06    1.784354e+10   2.821405e+09

After 4 iterations the fit converged.
final sum of squares of residuals : 1.07434e+18
rel. change during last iteration : -1.35614e-11

degrees of freedom    (FIT_NDF)                        : 16
rms of residuals      (FIT_STDFIT) = sqrt(WSSR/ndf)    : 2.59126e+08
variance of residuals (reduced chisquare) = WSSR/ndf   : 6.71465e+16

Final set of parameters            Asymptotic Standard Error
=======================            ==========================
a               = 1.78435e+10      +/- 2.822e+08    (1.582%)
b               = 2.82141e+09      +/- 1.057e+08    (3.747%)

correlation matrix of the fit parameters:
                a      b      
a               1.000 
b              -0.976  1.000 


*******************************************************************************
Fri Sep 18 14:04:07 2020


FIT:    data read from "1.txt" using 1:2
        format = x:z
        x range restricted to [0.00000 : 10.0000]
        #datapoints = 18
        residuals are weighted equally (unit weight)

function used for fitting: h(x)
	h(x)= a+b*sqrt(x+2.32)
fitted parameters initialized with current variable values

iter      chisq       delta/lim  lambda   a             b            
   0 1.0743445625e+18   0.00e+00  1.37e+10    1.784354e+10   2.821405e+09
   1 1.0743445625e+18   0.00e+00  1.37e+11    1.784354e+10   2.821405e+09

After 1 iterations the fit converged.
final sum of squares of residuals : 1.07434e+18
rel. change during last iteration : 0

degrees of freedom    (FIT_NDF)                        : 16
rms of residuals      (FIT_STDFIT) = sqrt(WSSR/ndf)    : 2.59126e+08
variance of residuals (reduced chisquare) = WSSR/ndf   : 6.71465e+16

Final set of parameters            Asymptotic Standard Error
=======================            ==========================
a               = 1.78435e+10      +/- 2.822e+08    (1.582%)
b               = 2.82141e+09      +/- 1.057e+08    (3.747%)

correlation matrix of the fit parameters:
                a      b      
a               1.000 
b              -0.976  1.000 


*******************************************************************************
Fri Sep 18 14:04:22 2020


FIT:    data read from "1.txt" using 1:2
        format = x:z
        x range restricted to [0.00000 : 14.0000]
        #datapoints = 24
        residuals are weighted equally (unit weight)

function used for fitting: h(x)
	h(x)= a+b*sqrt(x+2.32)
fitted parameters initialized with current variable values

iter      chisq       delta/lim  lambda   a             b            
   0 3.1443842171e+18   0.00e+00  1.39e+10    1.784354e+10   2.821405e+09
   4 1.8923114466e+18  -7.24e-07  1.39e+06    1.843409e+10   2.567191e+09

After 4 iterations the fit converged.
final sum of squares of residuals : 1.89231e+18
rel. change during last iteration : -7.24326e-12

degrees of freedom    (FIT_NDF)                        : 22
rms of residuals      (FIT_STDFIT) = sqrt(WSSR/ndf)    : 2.93282e+08
variance of residuals (reduced chisquare) = WSSR/ndf   : 8.60142e+16

Final set of parameters            Asymptotic Standard Error
=======================            ==========================
a               = 1.84341e+10      +/- 2.54e+08     (1.378%)
b               = 2.56719e+09      +/- 8.551e+07    (3.331%)

correlation matrix of the fit parameters:
                a      b      
a               1.000 
b              -0.972  1.000 


*******************************************************************************
Fri Sep 18 14:04:24 2020


FIT:    data read from "1.txt" using 1:2
        format = x:z
        x range restricted to [0.00000 : 14.0000]
        #datapoints = 24
        residuals are weighted equally (unit weight)

function used for fitting: h(x)
	h(x)= a+b*sqrt(x+2.32)
fitted parameters initialized with current variable values

iter      chisq       delta/lim  lambda   a             b            
   0 1.8923114466e+18   0.00e+00  1.41e+10    1.843409e+10   2.567191e+09
   1 1.8923114466e+18  -8.12e-11  1.41e+09    1.843409e+10   2.567191e+09

After 1 iterations the fit converged.
final sum of squares of residuals : 1.89231e+18
rel. change during last iteration : -8.11706e-16

degrees of freedom    (FIT_NDF)                        : 22
rms of residuals      (FIT_STDFIT) = sqrt(WSSR/ndf)    : 2.93282e+08
variance of residuals (reduced chisquare) = WSSR/ndf   : 8.60142e+16

Final set of parameters            Asymptotic Standard Error
=======================            ==========================
a               = 1.84341e+10      +/- 2.54e+08     (1.378%)
b               = 2.56719e+09      +/- 8.551e+07    (3.331%)

correlation matrix of the fit parameters:
                a      b      
a               1.000 
b              -0.972  1.000 


*******************************************************************************
Fri Sep 18 14:04:40 2020


FIT:    data read from "1.txt" using 1:2
        format = x:z
        x range restricted to [1.00000 : 4.00000]
        #datapoints = 6
        residuals are weighted equally (unit weight)

function used for fitting: h(x)
	h(x)= a+b*sqrt(x+2.32)
fitted parameters initialized with current variable values

iter      chisq       delta/lim  lambda   a             b            
   0 2.6357752887e+17   0.00e+00  1.36e+10    1.843409e+10   2.567191e+09
   5 1.1021336748e+16  -2.78e-07  1.36e+05    1.731671e+10   3.149266e+09

After 5 iterations the fit converged.
final sum of squares of residuals : 1.10213e+16
rel. change during last iteration : -2.78024e-12

degrees of freedom    (FIT_NDF)                        : 4
rms of residuals      (FIT_STDFIT) = sqrt(WSSR/ndf)    : 5.24913e+07
variance of residuals (reduced chisquare) = WSSR/ndf   : 2.75533e+15

Final set of parameters            Asymptotic Standard Error
=======================            ==========================
a               = 1.73167e+10      +/- 2.138e+08    (1.235%)
b               = 3.14927e+09      +/- 9.697e+07    (3.079%)

correlation matrix of the fit parameters:
                a      b      
a               1.000 
b              -0.995  1.000 


*******************************************************************************
Fri Sep 18 14:04:41 2020


FIT:    data read from "1.txt" using 1:2
        format = x:z
        x range restricted to [1.00000 : 4.00000]
        #datapoints = 6
        residuals are weighted equally (unit weight)

function used for fitting: h(x)
	h(x)= a+b*sqrt(x+2.32)
fitted parameters initialized with current variable values

iter      chisq       delta/lim  lambda   a             b            
   0 1.1021336748e+16   0.00e+00  1.32e+10    1.731671e+10   3.149266e+09
   1 1.1021336748e+16   0.00e+00  1.32e+10    1.731671e+10   3.149266e+09

After 1 iterations the fit converged.
final sum of squares of residuals : 1.10213e+16
rel. change during last iteration : 0

degrees of freedom    (FIT_NDF)                        : 4
rms of residuals      (FIT_STDFIT) = sqrt(WSSR/ndf)    : 5.24913e+07
variance of residuals (reduced chisquare) = WSSR/ndf   : 2.75533e+15

Final set of parameters            Asymptotic Standard Error
=======================            ==========================
a               = 1.73167e+10      +/- 2.138e+08    (1.235%)
b               = 3.14927e+09      +/- 9.697e+07    (3.079%)

correlation matrix of the fit parameters:
                a      b      
a               1.000 
b              -0.995  1.000 


*******************************************************************************
Fri Sep 18 14:14:39 2020


FIT:    data read from "1.txt" using 1:2
        format = x:z
        x range restricted to [0.00000 : 4.00000]
        #datapoints = 8
        residuals are weighted equally (unit weight)

function used for fitting: h(x)
	h(x)= a+b*sqrt(x+2.33)
fitted parameters initialized with current variable values

iter      chisq       delta/lim  lambda   a             b            
   0 4.4873717437e+21   0.00e+00  1.63e+00    1.000000e+00   1.000000e+00
   4 1.7211096538e+17  -8.49e-01  1.63e-04    1.610284e+10   3.681932e+09

After 4 iterations the fit converged.
final sum of squares of residuals : 1.72111e+17
rel. change during last iteration : -8.49386e-06

degrees of freedom    (FIT_NDF)                        : 6
rms of residuals      (FIT_STDFIT) = sqrt(WSSR/ndf)    : 1.69367e+08
variance of residuals (reduced chisquare) = WSSR/ndf   : 2.86852e+16

Final set of parameters            Asymptotic Standard Error
=======================            ==========================
a               = 1.61028e+10      +/- 3.89e+08     (2.416%)
b               = 3.68193e+09      +/- 1.874e+08    (5.09%)

correlation matrix of the fit parameters:
                a      b      
a               1.000 
b              -0.988  1.000 


*******************************************************************************
Fri Sep 18 14:14:44 2020


FIT:    data read from "1.txt" using 1:2
        format = x:z
        x range restricted to [0.00000 : 4.00000]
        #datapoints = 8
        residuals are weighted equally (unit weight)

function used for fitting: h(x)
	h(x)= a+b*sqrt(x+2.33)
fitted parameters initialized with current variable values

iter      chisq       delta/lim  lambda   a             b            
   0 1.7211096538e+17   0.00e+00  1.26e+10    1.610284e+10   3.681932e+09
   1 1.7211096538e+17  -2.42e-10  1.26e+09    1.610284e+10   3.681932e+09

After 1 iterations the fit converged.
final sum of squares of residuals : 1.72111e+17
rel. change during last iteration : -2.41705e-15

degrees of freedom    (FIT_NDF)                        : 6
rms of residuals      (FIT_STDFIT) = sqrt(WSSR/ndf)    : 1.69367e+08
variance of residuals (reduced chisquare) = WSSR/ndf   : 2.86852e+16

Final set of parameters            Asymptotic Standard Error
=======================            ==========================
a               = 1.61028e+10      +/- 3.89e+08     (2.416%)
b               = 3.68193e+09      +/- 1.874e+08    (5.09%)

correlation matrix of the fit parameters:
                a      b      
a               1.000 
b              -0.988  1.000 


*******************************************************************************
Fri Sep 18 14:14:45 2020


FIT:    data read from "1.txt" using 1:2
        format = x:z
        x range restricted to [0.00000 : 4.00000]
        #datapoints = 8
        residuals are weighted equally (unit weight)

function used for fitting: h(x)
	h(x)= a+b*sqrt(x+2.33)
fitted parameters initialized with current variable values

iter      chisq       delta/lim  lambda   a             b            
   0 1.7211096538e+17   0.00e+00  1.26e+10    1.610284e+10   3.681932e+09
   1 1.7211096538e+17   0.00e+00  1.26e+09    1.610284e+10   3.681932e+09

After 1 iterations the fit converged.
final sum of squares of residuals : 1.72111e+17
rel. change during last iteration : 0

degrees of freedom    (FIT_NDF)                        : 6
rms of residuals      (FIT_STDFIT) = sqrt(WSSR/ndf)    : 1.69367e+08
variance of residuals (reduced chisquare) = WSSR/ndf   : 2.86852e+16

Final set of parameters            Asymptotic Standard Error
=======================            ==========================
a               = 1.61028e+10      +/- 3.89e+08     (2.416%)
b               = 3.68193e+09      +/- 1.874e+08    (5.09%)

correlation matrix of the fit parameters:
                a      b      
a               1.000 
b              -0.988  1.000 


*******************************************************************************
Fri Sep 18 14:20:35 2020


FIT:    data read from "1.txt" using 1:2
        format = x:z
        x range restricted to [0.00000 : 4.00000]
        #datapoints = 8
        residuals are weighted equally (unit weight)

function used for fitting: h(x)
	h(x)= a+b*sqrt(x+2.02)
fitted parameters initialized with current variable values

iter      chisq       delta/lim  lambda   a             b            
   0 8.5597191571e+17   0.00e+00  1.25e+10    1.610284e+10   3.681932e+09
   4 1.5524011802e+17  -6.77e-04  1.25e+06    1.668520e+10   3.534589e+09

After 4 iterations the fit converged.
final sum of squares of residuals : 1.5524e+17
rel. change during last iteration : -6.77154e-09

degrees of freedom    (FIT_NDF)                        : 6
rms of residuals      (FIT_STDFIT) = sqrt(WSSR/ndf)    : 1.60852e+08
variance of residuals (reduced chisquare) = WSSR/ndf   : 2.58734e+16

Final set of parameters            Asymptotic Standard Error
=======================            ==========================
a               = 1.66852e+10      +/- 3.414e+08    (2.046%)
b               = 3.53459e+09      +/- 1.707e+08    (4.83%)

correlation matrix of the fit parameters:
                a      b      
a               1.000 
b              -0.986  1.000 


*******************************************************************************
Fri Sep 18 14:20:45 2020


FIT:    data read from "1.txt" using 1:2
        format = x:z
        x range restricted to [0.00000 : 6.00000]
        #datapoints = 11
        residuals are weighted equally (unit weight)

function used for fitting: h(x)
	h(x)= a+b*sqrt(x+2.02)
fitted parameters initialized with current variable values

iter      chisq       delta/lim  lambda   a             b            
   0 6.9495860332e+17   0.00e+00  1.30e+10    1.668520e+10   3.534589e+09
   4 3.4098798016e+17  -2.01e-04  1.30e+06    1.728915e+10   3.203067e+09

After 4 iterations the fit converged.
final sum of squares of residuals : 3.40988e+17
rel. change during last iteration : -2.00516e-09

degrees of freedom    (FIT_NDF)                        : 9
rms of residuals      (FIT_STDFIT) = sqrt(WSSR/ndf)    : 1.94647e+08
variance of residuals (reduced chisquare) = WSSR/ndf   : 3.78876e+16

Final set of parameters            Asymptotic Standard Error
=======================            ==========================
a               = 1.72891e+10      +/- 3.063e+08    (1.771%)
b               = 3.20307e+09      +/- 1.391e+08    (4.343%)

correlation matrix of the fit parameters:
                a      b      
a               1.000 
b              -0.981  1.000 


*******************************************************************************
Fri Sep 18 14:21:06 2020


FIT:    data read from "1.txt" using 1:2
        format = x:z
        x range restricted to [0.00000 : 12.0000]
        #datapoints = 22
        residuals are weighted equally (unit weight)

function used for fitting: h(x)
	h(x)= a+b*sqrt(x+2.02)
fitted parameters initialized with current variable values

iter      chisq       delta/lim  lambda   a             b            
   0 9.1908240817e+18   0.00e+00  1.38e+10    1.728915e+10   3.203067e+09
   4 1.4675869380e+18  -3.20e-06  1.38e+06    1.857528e+10   2.581135e+09

After 4 iterations the fit converged.
final sum of squares of residuals : 1.46759e+18
rel. change during last iteration : -3.2047e-11

degrees of freedom    (FIT_NDF)                        : 20
rms of residuals      (FIT_STDFIT) = sqrt(WSSR/ndf)    : 2.70886e+08
variance of residuals (reduced chisquare) = WSSR/ndf   : 7.33793e+16

Final set of parameters            Asymptotic Standard Error
=======================            ==========================
a               = 1.85753e+10      +/- 2.405e+08    (1.295%)
b               = 2.58113e+09      +/- 8.526e+07    (3.303%)

correlation matrix of the fit parameters:
                a      b      
a               1.000 
b              -0.971  1.000 


*******************************************************************************
Fri Sep 18 14:29:08 2020


FIT:    data read from "1.txt" using 1:2
        format = x:z
        x range restricted to [0.00000 : 15.0000]
        #datapoints = 24
        residuals are weighted equally (unit weight)

function used for fitting: h(x)
	h(x)= a+b*sqrt(x+2.1)
fitted parameters initialized with current variable values

iter      chisq       delta/lim  lambda   a             b            
   0 1.9546615683e+18   0.00e+00  1.42e+10    1.857528e+10   2.581135e+09
   3 1.7836689311e+18  -7.69e-01  1.42e+07    1.865647e+10   2.526290e+09

After 3 iterations the fit converged.
final sum of squares of residuals : 1.78367e+18
rel. change during last iteration : -7.68608e-06

degrees of freedom    (FIT_NDF)                        : 22
rms of residuals      (FIT_STDFIT) = sqrt(WSSR/ndf)    : 2.84738e+08
variance of residuals (reduced chisquare) = WSSR/ndf   : 8.10759e+16

Final set of parameters            Asymptotic Standard Error
=======================            ==========================
a               = 1.86565e+10      +/- 2.394e+08    (1.283%)
b               = 2.52629e+09      +/- 8.164e+07    (3.232%)

correlation matrix of the fit parameters:
                a      b      
a               1.000 
b              -0.970  1.000 


*******************************************************************************
Fri Sep 18 14:29:45 2020


FIT:    data read from "1.txt" using 1:2
        format = x:z
        x range restricted to [0.00000 : 15.0000]
        #datapoints = 24
        residuals are weighted equally (unit weight)

function used for fitting: h(x)
	h(x)= a+b*sqrt(x+2.1)
fitted parameters initialized with current variable values

iter      chisq       delta/lim  lambda   a             b            
   0 1.7836689311e+18   0.00e+00  1.42e+10    1.865647e+10   2.526290e+09
   1 1.7836689311e+18  -2.79e-08  1.42e+09    1.865647e+10   2.526290e+09

After 1 iterations the fit converged.
final sum of squares of residuals : 1.78367e+18
rel. change during last iteration : -2.78868e-13

degrees of freedom    (FIT_NDF)                        : 22
rms of residuals      (FIT_STDFIT) = sqrt(WSSR/ndf)    : 2.84738e+08
variance of residuals (reduced chisquare) = WSSR/ndf   : 8.10759e+16

Final set of parameters            Asymptotic Standard Error
=======================            ==========================
a               = 1.86565e+10      +/- 2.394e+08    (1.283%)
b               = 2.52629e+09      +/- 8.164e+07    (3.232%)

correlation matrix of the fit parameters:
                a      b      
a               1.000 
b              -0.970  1.000 


*******************************************************************************
Fri Sep 18 14:30:02 2020


FIT:    data read from "1.txt" using 1:2
        format = x:z
        x range restricted to [0.00000 : 13.0000]
        #datapoints = 24
        residuals are weighted equally (unit weight)

function used for fitting: h(x)
	h(x)= a+b*sqrt(x+2.1)
fitted parameters initialized with current variable values

iter      chisq       delta/lim  lambda   a             b            
   0 1.7836689311e+18   0.00e+00  1.42e+10    1.865647e+10   2.526290e+09
   1 1.7836689311e+18  -1.52e-08  1.42e+09    1.865647e+10   2.526290e+09

After 1 iterations the fit converged.
final sum of squares of residuals : 1.78367e+18
rel. change during last iteration : -1.52136e-13

degrees of freedom    (FIT_NDF)                        : 22
rms of residuals      (FIT_STDFIT) = sqrt(WSSR/ndf)    : 2.84738e+08
variance of residuals (reduced chisquare) = WSSR/ndf   : 8.10759e+16

Final set of parameters            Asymptotic Standard Error
=======================            ==========================
a               = 1.86565e+10      +/- 2.394e+08    (1.283%)
b               = 2.52629e+09      +/- 8.164e+07    (3.232%)

correlation matrix of the fit parameters:
                a      b      
a               1.000 
b              -0.970  1.000 


*******************************************************************************
Fri Sep 18 14:30:38 2020


FIT:    data read from "1.txt" using 1:2
        format = x:z
        x range restricted to [0.00000 : 13.0000]
        #datapoints = 24
        residuals are weighted equally (unit weight)

function used for fitting: h(x)
	h(x)= 21.46e9+b*sqrt(x+a)
fitted parameters initialized with current variable values

iter      chisq       delta/lim  lambda   a             b            
   0 2.8575659237e+30   0.00e+00  2.73e+14    1.865647e+10   2.526290e+09
   5 7.9418960832e+19  -6.19e-11  2.73e+09    1.065185e+10   4.247140e+04

After 5 iterations the fit converged.
final sum of squares of residuals : 7.9419e+19
rel. change during last iteration : -6.18895e-16

degrees of freedom    (FIT_NDF)                        : 22
rms of residuals      (FIT_STDFIT) = sqrt(WSSR/ndf)    : 1.89999e+09
variance of residuals (reduced chisquare) = WSSR/ndf   : 3.60995e+18

Final set of parameters            Asymptotic Standard Error
=======================            ==========================
a               = 1.06518e+10      +/- 5.135e+18    (4.821e+10%)
b               = 42471.4          +/- 1.024e+13    (2.41e+10%)

correlation matrix of the fit parameters:
                a      b      
a               1.000 
b              -1.000  1.000 


*******************************************************************************
Fri Sep 18 14:30:54 2020


FIT:    data read from "1.txt" using 1:2
        format = x:z
        x range restricted to [0.00000 : 13.0000]
        #datapoints = 24
        residuals are weighted equally (unit weight)

function used for fitting: h(x)
	h(x)= 21.46e9+a*sqrt(x+b)
fitted parameters initialized with current variable values

iter      chisq       delta/lim  lambda   a             b            
   0 1.1520955598e+26   0.00e+00  1.74e+12    1.065185e+10   4.247140e+04
   4 7.9388769668e+19  -9.46e-01  1.74e+08    2.834855e+07   2.389984e+04

After 4 iterations the fit converged.
final sum of squares of residuals : 7.93888e+19
rel. change during last iteration : -9.45571e-06

degrees of freedom    (FIT_NDF)                        : 22
rms of residuals      (FIT_STDFIT) = sqrt(WSSR/ndf)    : 1.89963e+09
variance of residuals (reduced chisquare) = WSSR/ndf   : 3.60858e+18

Final set of parameters            Asymptotic Standard Error
=======================            ==========================
a               = 2.83485e+07      +/- 1.533e+10    (5.407e+04%)
b               = 23899.8          +/- 2.586e+07    (1.082e+05%)

correlation matrix of the fit parameters:
                a      b      
a               1.000 
b              -1.000  1.000 
